[debug] [2022-09-28T04:07:51.240Z] ----------------------------------------------------------------------
[debug] [2022-09-28T04:07:51.242Z] Command:       C:\Program Files\nodejs\node.exe C:\Users\Aldo\AppData\Roaming\npm\node_modules\firebase-tools\lib\bin\firebase.js deploy
[debug] [2022-09-28T04:07:51.243Z] CLI Version:   11.11.0
[debug] [2022-09-28T04:07:51.243Z] Platform:      win32
[debug] [2022-09-28T04:07:51.243Z] Node Version:  v16.16.0
[debug] [2022-09-28T04:07:51.244Z] Time:          Wed Sep 28 2022 11:07:51 GMT+0700 (Western Indonesia Time)
[debug] [2022-09-28T04:07:51.244Z] ----------------------------------------------------------------------
[debug] 
[debug] [2022-09-28T04:07:51.316Z] > command requires scopes: ["email","openid","https://www.googleapis.com/auth/cloudplatformprojects.readonly","https://www.googleapis.com/auth/firebase","https://www.googleapis.com/auth/cloud-platform"]
[debug] [2022-09-28T04:07:51.317Z] > authorizing via signed-in user (aldohardiansyah@gmail.com)
[debug] [2022-09-28T04:07:51.317Z] [iam] checking project counting-machine-aruna for permissions ["firebase.projects.get","firebasehosting.sites.update"]
[debug] [2022-09-28T04:07:51.319Z] >>> [apiv2][query] POST https://cloudresourcemanager.googleapis.com/v1/projects/counting-machine-aruna:testIamPermissions [none]
[debug] [2022-09-28T04:07:51.320Z] >>> [apiv2][(partial)header] POST https://cloudresourcemanager.googleapis.com/v1/projects/counting-machine-aruna:testIamPermissions x-goog-quota-user=projects/counting-machine-aruna
[debug] [2022-09-28T04:07:51.320Z] >>> [apiv2][body] POST https://cloudresourcemanager.googleapis.com/v1/projects/counting-machine-aruna:testIamPermissions {"permissions":["firebase.projects.get","firebasehosting.sites.update"]}
[debug] [2022-09-28T04:07:52.840Z] <<< [apiv2][status] POST https://cloudresourcemanager.googleapis.com/v1/projects/counting-machine-aruna:testIamPermissions 200
[debug] [2022-09-28T04:07:52.840Z] <<< [apiv2][body] POST https://cloudresourcemanager.googleapis.com/v1/projects/counting-machine-aruna:testIamPermissions {"permissions":["firebase.projects.get","firebasehosting.sites.update"]}
[debug] [2022-09-28T04:07:52.841Z] >>> [apiv2][query] GET https://firebase.googleapis.com/v1beta1/projects/counting-machine-aruna [none]
[debug] [2022-09-28T04:07:53.260Z] <<< [apiv2][status] GET https://firebase.googleapis.com/v1beta1/projects/counting-machine-aruna 200
[debug] [2022-09-28T04:07:53.260Z] <<< [apiv2][body] GET https://firebase.googleapis.com/v1beta1/projects/counting-machine-aruna {"projectId":"counting-machine-aruna","projectNumber":"419467948254","displayName":"counting-machine-aruna","name":"projects/counting-machine-aruna","resources":{"hostingSite":"counting-machine-aruna"},"state":"ACTIVE","etag":"1_919fa4f1-825d-4e77-b85e-6e649a52efe4"}
[info] 
[info] === Deploying to 'counting-machine-aruna'...
[info] 
[info] i  deploying hosting 
[debug] [2022-09-28T04:07:53.263Z] >>> [apiv2][query] GET https://firebase.googleapis.com/v1beta1/projects/counting-machine-aruna [none]
[debug] [2022-09-28T04:07:53.668Z] <<< [apiv2][status] GET https://firebase.googleapis.com/v1beta1/projects/counting-machine-aruna 200
[debug] [2022-09-28T04:07:53.669Z] <<< [apiv2][body] GET https://firebase.googleapis.com/v1beta1/projects/counting-machine-aruna {"projectId":"counting-machine-aruna","projectNumber":"419467948254","displayName":"counting-machine-aruna","name":"projects/counting-machine-aruna","resources":{"hostingSite":"counting-machine-aruna"},"state":"ACTIVE","etag":"1_919fa4f1-825d-4e77-b85e-6e649a52efe4"}
[debug] [2022-09-28T04:07:53.671Z] >>> [apiv2][query] POST https://firebasehosting.googleapis.com/v1beta1/projects/419467948254/sites/counting-machine-aruna/versions [none]
[debug] [2022-09-28T04:07:53.671Z] >>> [apiv2][body] POST https://firebasehosting.googleapis.com/v1beta1/projects/419467948254/sites/counting-machine-aruna/versions {"config":{"rewrites":[{"glob":"**","path":"/index.html"}]},"labels":{"deployment-tool":"cli-firebase"}}
[debug] [2022-09-28T04:07:54.724Z] <<< [apiv2][status] POST https://firebasehosting.googleapis.com/v1beta1/projects/419467948254/sites/counting-machine-aruna/versions 200
[debug] [2022-09-28T04:07:54.724Z] <<< [apiv2][body] POST https://firebasehosting.googleapis.com/v1beta1/projects/419467948254/sites/counting-machine-aruna/versions {"name":"projects/419467948254/sites/counting-machine-aruna/versions/1298b863aa290228","status":"CREATED","config":{"rewrites":[{"glob":"**","path":"/index.html"}]},"labels":{"deployment-tool":"cli-firebase"}}
[info] i  hosting[counting-machine-aruna]: beginning deploy... 
[info] i  hosting[counting-machine-aruna]: found 15 files in build 
[debug] [2022-09-28T04:07:54.734Z] [hosting] uploading with 200 concurrency
[debug] [2022-09-28T04:07:54.814Z] [hosting] hash cache [YnVpbGQ] stored for 15 files
[debug] [2022-09-28T04:07:54.814Z] [hosting][hash queue][FINAL] {"max":73,"min":2,"avg":12.266666666666667,"active":0,"complete":15,"success":15,"errored":0,"retried":0,"total":15,"elapsed":77}
[debug] [2022-09-28T04:07:54.814Z] >>> [apiv2][query] POST https://firebasehosting.googleapis.com/v1beta1/projects/419467948254/sites/counting-machine-aruna/versions/1298b863aa290228:populateFiles [none]
[debug] [2022-09-28T04:07:54.814Z] >>> [apiv2][body] POST https://firebasehosting.googleapis.com/v1beta1/projects/419467948254/sites/counting-machine-aruna/versions/1298b863aa290228:populateFiles {"files":{"/favicon.ico":"eae62e993eb980ec8a25058c39d5a51feab118bd2100c4deebb2a9c158ec11f9","/logo192.png":"3ee59515172ee198f3be375979df15ac5345183e656720a381b8872b2a39dc8b","/logo512.png":"ee7e2f3fdb8209c4b6fd7bef6ba50d1b9dba30a25bb5c3126df057e1cb6f5331","/manifest.json":"aff3449bdc238776f5d6d967f19ec491b36aed5fb7f23ccff6500736fd58494a","/robots.txt":"bfe106a3fb878dc83461c86818bf74fc1bdc7f28538ba613cd3e775516ce8b49","/icons/icon.png":"f9980ef5bb1fa4573a9b90073d13123dc3c05616c809b6e1f9480ba69c3583d6","/asset-manifest.json":"2e1b66c23b654ceab2762c4b412975aa778f8cc586ce06000182a7278739ec31","/index.html":"07055cbaa98cb0c87b369487df602674caa5568a823a7f1ac7458dcb447565db","/static/js/787.3d3d2c31.chunk.js":"0d6996d43f77ae44303003012b6add0890de41381fc1f232605e166e5092d1dd","/static/js/787.3d3d2c31.chunk.js.map":"af6fa2625f9e6a07a9389e704cc279c3058fa158cddc63b7e51882a25cab4f11","/static/js/main.d6d3ed25.js.LICENSE.txt":"a1e10079e8155bc5525d13d0464e64acbd892cb93e51621cce5f31f1c4cc8fe3","/static/js/main.d6d3ed25.js":"ef94d61d6a8b98c5c504b73d8ef80fda42b2ae09642744ebff61ccfe124a9b9f","/static/css/main.6497b064.css.map":"e6fd42c1ed0d96c889ca71114ea7f7b42fc85d6a8d5fb73d6fa67c112e9aa229","/static/css/main.6497b064.css":"1f5c188f93ba04689c148b41d1835beb2fecab1f5a096599831db3d8ad52f48f","/static/js/main.d6d3ed25.js.map":"a9764f6747935fec43a57df3d0719749077498c7277b3345cdfbafadd5fa43f1"}}
[debug] [2022-09-28T04:07:55.582Z] <<< [apiv2][status] POST https://firebasehosting.googleapis.com/v1beta1/projects/419467948254/sites/counting-machine-aruna/versions/1298b863aa290228:populateFiles 200
[debug] [2022-09-28T04:07:55.582Z] <<< [apiv2][body] POST https://firebasehosting.googleapis.com/v1beta1/projects/419467948254/sites/counting-machine-aruna/versions/1298b863aa290228:populateFiles {"uploadRequiredHashes":["07055cbaa98cb0c87b369487df602674caa5568a823a7f1ac7458dcb447565db"],"uploadUrl":"https://upload-firebasehosting.googleapis.com/upload/sites/counting-machine-aruna/versions/1298b863aa290228/files"}
[debug] [2022-09-28T04:07:55.583Z] >>> [apiv2][query] POST https://upload-firebasehosting.googleapis.com/upload/sites/counting-machine-aruna/versions/1298b863aa290228/files/07055cbaa98cb0c87b369487df602674caa5568a823a7f1ac7458dcb447565db [none]
[debug] [2022-09-28T04:07:55.583Z] >>> [apiv2][body] POST https://upload-firebasehosting.googleapis.com/upload/sites/counting-machine-aruna/versions/1298b863aa290228/files/07055cbaa98cb0c87b369487df602674caa5568a823a7f1ac7458dcb447565db [stream]
[debug] [2022-09-28T04:07:55.583Z] [hosting][populate queue][FINAL] {"max":770,"min":770,"avg":770,"active":0,"complete":1,"success":1,"errored":0,"retried":0,"total":1,"elapsed":770}
[debug] [2022-09-28T04:07:55.584Z] [hosting] uploads queued: 1
